2024-12-16 23:12:226 INFO  LoginPage :28 - Enter Username : [[ChromeDriver: chrome on windows (b6035292b928baa1dd1ce80cef02ec4e)] -> xpath: //input[@placeholder='Username']]
2024-12-16 23:12:310 INFO  LoginPage :33 - Enter Password : [[ChromeDriver: chrome on windows (b6035292b928baa1dd1ce80cef02ec4e)] -> xpath: //input[@placeholder='Password']]
2024-12-16 23:12:482 INFO  LoginPage :38 - Click On Login Button : [[ChromeDriver: chrome on windows (b6035292b928baa1dd1ce80cef02ec4e)] -> xpath: //button[normalize-space()='Login']]
2024-12-16 23:12:715 INFO  DashboardPage :28 - Verify Logo Is Displayed : true
2024-12-16 23:12:914 INFO  LoginPage :28 - Enter Username : [[ChromeDriver: chrome on windows (574f9c4df33666cd98786f73d4d52655)] -> xpath: //input[@placeholder='Username']]
2024-12-16 23:12:03 INFO  LoginPage :33 - Enter Password : [[ChromeDriver: chrome on windows (574f9c4df33666cd98786f73d4d52655)] -> xpath: //input[@placeholder='Password']]
2024-12-16 23:12:107 INFO  LoginPage :38 - Click On Login Button : [[ChromeDriver: chrome on windows (574f9c4df33666cd98786f73d4d52655)] -> xpath: //button[normalize-space()='Login']]
2024-12-17 00:12:189 INFO  LoginPage :32 - Enter Username : [[ChromeDriver: chrome on windows (ec06ab09229c1232238495ccc2ce26c5)] -> xpath: //input[@placeholder='Username']]
2024-12-17 00:12:275 INFO  LoginPage :37 - Enter Password : [[ChromeDriver: chrome on windows (ec06ab09229c1232238495ccc2ce26c5)] -> xpath: //input[@placeholder='Password']]
2024-12-17 00:12:104 INFO  LoginPage :42 - Click On Login Button : [[ChromeDriver: chrome on windows (ec06ab09229c1232238495ccc2ce26c5)] -> xpath: //button[normalize-space()='Login']]
2024-12-17 00:12:77 INFO  LoginPage :32 - Enter Username : [[ChromeDriver: chrome on windows (217b225c5e50488774dcc03f890b9d83)] -> xpath: //input[@placeholder='Username']]
2024-12-17 00:12:162 INFO  LoginPage :37 - Enter Password : [[ChromeDriver: chrome on windows (217b225c5e50488774dcc03f890b9d83)] -> xpath: //input[@placeholder='Password']]
2024-12-17 00:12:00 INFO  LoginPage :42 - Click On Login Button : [[ChromeDriver: chrome on windows (217b225c5e50488774dcc03f890b9d83)] -> xpath: //button[normalize-space()='Login']]
2024-12-17 00:12:599 INFO  LoginPage :32 - Enter Username : [[ChromeDriver: chrome on windows (0ea5e1f03b86b508001629ef2b5cab82)] -> xpath: //input[@placeholder='Username']]
2024-12-17 00:12:685 INFO  LoginPage :37 - Enter Password : [[ChromeDriver: chrome on windows (0ea5e1f03b86b508001629ef2b5cab82)] -> xpath: //input[@placeholder='Password']]
2024-12-17 00:12:508 INFO  LoginPage :42 - Click On Login Button : [[ChromeDriver: chrome on windows (0ea5e1f03b86b508001629ef2b5cab82)] -> xpath: //button[normalize-space()='Login']]
2024-12-17 00:12:497 INFO  LoginPage :32 - Enter Username : [[ChromeDriver: chrome on windows (579de298a65d81876829ba4b8c3a8b27)] -> xpath: //input[@placeholder='Username']]
2024-12-17 00:12:585 INFO  LoginPage :37 - Enter Password : [[ChromeDriver: chrome on windows (579de298a65d81876829ba4b8c3a8b27)] -> xpath: //input[@placeholder='Password']]
2024-12-17 00:12:411 INFO  LoginPage :42 - Click On Login Button : [[ChromeDriver: chrome on windows (579de298a65d81876829ba4b8c3a8b27)] -> xpath: //button[normalize-space()='Login']]
2024-12-17 00:12:718 INFO  LoginPage :32 - Enter Username : [[ChromeDriver: chrome on windows (00a6127ce8e7d29c73961873776642ef)] -> xpath: //input[@placeholder='Username']]
2024-12-17 00:12:818 INFO  LoginPage :37 - Enter Password : [[ChromeDriver: chrome on windows (00a6127ce8e7d29c73961873776642ef)] -> xpath: //input[@placeholder='Password']]
2024-12-17 00:12:650 INFO  LoginPage :42 - Click On Login Button : [[ChromeDriver: chrome on windows (00a6127ce8e7d29c73961873776642ef)] -> xpath: //button[normalize-space()='Login']]
2024-12-17 00:12:915 INFO  DashboardPage :42 - Click on User Profile Logo : [[ChromeDriver: chrome on windows (00a6127ce8e7d29c73961873776642ef)] -> css selector: .oxd-userdropdown-img]
2024-12-17 00:12:450 INFO  DashboardPage :47 - Click On Logout : [[ChromeDriver: chrome on windows (00a6127ce8e7d29c73961873776642ef)] -> xpath: //a[normalize-space()='Logout']]
2024-12-17 00:12:829 INFO  LoginPage :32 - Enter Username : [[ChromeDriver: chrome on windows (178ad6ea03b944247168f84ba011a999)] -> xpath: //input[@placeholder='Username']]
2024-12-17 00:12:915 INFO  LoginPage :37 - Enter Password : [[ChromeDriver: chrome on windows (178ad6ea03b944247168f84ba011a999)] -> xpath: //input[@placeholder='Password']]
2024-12-17 00:12:775 INFO  LoginPage :42 - Click On Login Button : [[ChromeDriver: chrome on windows (178ad6ea03b944247168f84ba011a999)] -> xpath: //button[normalize-space()='Login']]
2024-12-17 00:12:59 INFO  DashboardPage :42 - Click on User Profile Logo : [[ChromeDriver: chrome on windows (178ad6ea03b944247168f84ba011a999)] -> css selector: .oxd-userdropdown-img]
2024-12-17 00:12:746 INFO  DashboardPage :47 - Click On Logout : [[ChromeDriver: chrome on windows (178ad6ea03b944247168f84ba011a999)] -> xpath: //a[normalize-space()='Logout']]
2024-12-17 00:12:504 INFO  LoginPage :36 - Enter Username : [[ChromeDriver: chrome on windows (6495b9e354a434b3d60dc033e2d57d1e)] -> xpath: //input[@placeholder='Username']]
2024-12-17 00:12:602 INFO  LoginPage :41 - Enter Password : [[ChromeDriver: chrome on windows (6495b9e354a434b3d60dc033e2d57d1e)] -> xpath: //input[@placeholder='Password']]
2024-12-17 00:12:463 INFO  LoginPage :46 - Click On Login Button : [[ChromeDriver: chrome on windows (6495b9e354a434b3d60dc033e2d57d1e)] -> xpath: //button[normalize-space()='Login']]
2024-12-17 00:12:207 INFO  LoginPage :36 - Enter Username : [[ChromeDriver: chrome on windows (1e0b330cedd1c2497fe40c0c9fcea974)] -> xpath: //input[@placeholder='Username']]
2024-12-17 00:12:300 INFO  LoginPage :41 - Enter Password : [[ChromeDriver: chrome on windows (1e0b330cedd1c2497fe40c0c9fcea974)] -> xpath: //input[@placeholder='Password']]
2024-12-17 00:12:389 INFO  LoginPage :46 - Click On Login Button : [[ChromeDriver: chrome on windows (1e0b330cedd1c2497fe40c0c9fcea974)] -> xpath: //button[normalize-space()='Login']]
2024-12-17 00:12:392 INFO  DashboardPage :37 - Verify Logo Is Displayed : true
2024-12-17 00:12:769 INFO  LoginPage :36 - Enter Username : [[ChromeDriver: chrome on windows (1ebb080a778ef60fcefca992caf2cc30)] -> xpath: //input[@placeholder='Username']]
2024-12-17 00:12:882 INFO  LoginPage :41 - Enter Password : [[ChromeDriver: chrome on windows (1ebb080a778ef60fcefca992caf2cc30)] -> xpath: //input[@placeholder='Password']]
2024-12-17 00:12:771 INFO  LoginPage :46 - Click On Login Button : [[ChromeDriver: chrome on windows (1ebb080a778ef60fcefca992caf2cc30)] -> xpath: //button[normalize-space()='Login']]
2024-12-17 00:12:29 INFO  DashboardPage :42 - Click on User Profile Logo : [[ChromeDriver: chrome on windows (1ebb080a778ef60fcefca992caf2cc30)] -> css selector: .oxd-userdropdown-img]
2024-12-17 00:12:536 INFO  DashboardPage :47 - Click On Logout : [[ChromeDriver: chrome on windows (1ebb080a778ef60fcefca992caf2cc30)] -> xpath: //a[normalize-space()='Logout']]
2024-12-17 00:12:536 INFO  LoginPage :36 - Enter Username : [[ChromeDriver: chrome on windows (5916b752c8ad3acae85cbdf4d113e79a)] -> xpath: //input[@placeholder='Username']]
2024-12-17 00:12:613 INFO  LoginPage :41 - Enter Password : [[ChromeDriver: chrome on windows (5916b752c8ad3acae85cbdf4d113e79a)] -> xpath: //input[@placeholder='Password']]
2024-12-17 00:12:713 INFO  LoginPage :46 - Click On Login Button : [[ChromeDriver: chrome on windows (5916b752c8ad3acae85cbdf4d113e79a)] -> xpath: //button[normalize-space()='Login']]
2024-12-17 00:12:852 INFO  LoginPage :36 - Enter Username : [[ChromeDriver: chrome on windows (66494015a4fcc1958ede817646faa983)] -> xpath: //input[@placeholder='Username']]
2024-12-17 00:12:917 INFO  LoginPage :41 - Enter Password : [[ChromeDriver: chrome on windows (66494015a4fcc1958ede817646faa983)] -> xpath: //input[@placeholder='Password']]
2024-12-17 00:12:995 INFO  LoginPage :46 - Click On Login Button : [[ChromeDriver: chrome on windows (66494015a4fcc1958ede817646faa983)] -> xpath: //button[normalize-space()='Login']]
2024-12-17 00:12:925 INFO  LoginPage :36 - Enter Username : [[ChromeDriver: chrome on windows (f44ce201886be0cca65c52986aeeea63)] -> xpath: //input[@placeholder='Username']]
2024-12-17 00:12:10 INFO  LoginPage :41 - Enter Password : [[ChromeDriver: chrome on windows (f44ce201886be0cca65c52986aeeea63)] -> xpath: //input[@placeholder='Password']]
2024-12-17 00:12:97 INFO  LoginPage :46 - Click On Login Button : [[ChromeDriver: chrome on windows (f44ce201886be0cca65c52986aeeea63)] -> xpath: //button[normalize-space()='Login']]
2024-12-17 00:12:37 INFO  LoginPage :36 - Enter Username : [[ChromeDriver: chrome on windows (26f225f7587a34b812da202f162226e3)] -> xpath: //input[@placeholder='Username']]
2024-12-17 00:12:115 INFO  LoginPage :41 - Enter Password : [[ChromeDriver: chrome on windows (26f225f7587a34b812da202f162226e3)] -> xpath: //input[@placeholder='Password']]
2024-12-17 00:12:594 INFO  LoginPage :46 - Click On Login Button : [[ChromeDriver: chrome on windows (26f225f7587a34b812da202f162226e3)] -> xpath: //button[normalize-space()='Login']]
2024-12-17 00:12:243 INFO  LoginPage :36 - Enter Username : [[ChromeDriver: chrome on windows (343f818a67c848faf28bdb3b35bc736c)] -> xpath: //input[@placeholder='Username']]
2024-12-17 00:12:305 INFO  LoginPage :41 - Enter Password : [[ChromeDriver: chrome on windows (343f818a67c848faf28bdb3b35bc736c)] -> xpath: //input[@placeholder='Password']]
2024-12-17 00:12:375 INFO  LoginPage :46 - Click On Login Button : [[ChromeDriver: chrome on windows (343f818a67c848faf28bdb3b35bc736c)] -> xpath: //button[normalize-space()='Login']]
2024-12-17 00:12:175 INFO  LoginPage :36 - Enter Username : [[ChromeDriver: chrome on windows (3c13247b00bf8049effad451000f43bf)] -> xpath: //input[@placeholder='Username']]
2024-12-17 00:12:237 INFO  LoginPage :41 - Enter Password : [[ChromeDriver: chrome on windows (3c13247b00bf8049effad451000f43bf)] -> xpath: //input[@placeholder='Password']]
2024-12-17 00:12:319 INFO  LoginPage :46 - Click On Login Button : [[ChromeDriver: chrome on windows (3c13247b00bf8049effad451000f43bf)] -> xpath: //button[normalize-space()='Login']]
2024-12-17 00:12:205 INFO  LoginPage :36 - Enter Username : [[ChromeDriver: chrome on windows (95b29e19a73abeed7faef66f4b5d924e)] -> xpath: //input[@placeholder='Username']]
2024-12-17 00:12:299 INFO  LoginPage :41 - Enter Password : [[ChromeDriver: chrome on windows (95b29e19a73abeed7faef66f4b5d924e)] -> xpath: //input[@placeholder='Password']]
2024-12-17 00:12:387 INFO  LoginPage :46 - Click On Login Button : [[ChromeDriver: chrome on windows (95b29e19a73abeed7faef66f4b5d924e)] -> xpath: //button[normalize-space()='Login']]
2024-12-17 00:12:235 INFO  LoginPage :36 - Enter Username : [[ChromeDriver: chrome on windows (08de7e741ab7373be0e1b3c19476bf47)] -> xpath: //input[@placeholder='Username']]
2024-12-17 00:12:311 INFO  LoginPage :41 - Enter Password : [[ChromeDriver: chrome on windows (08de7e741ab7373be0e1b3c19476bf47)] -> xpath: //input[@placeholder='Password']]
2024-12-17 00:12:735 INFO  LoginPage :46 - Click On Login Button : [[ChromeDriver: chrome on windows (08de7e741ab7373be0e1b3c19476bf47)] -> xpath: //button[normalize-space()='Login']]
2024-12-17 01:12:496 INFO  LoginPage :36 - Enter Username : [[ChromeDriver: chrome on windows (c4a5ca42d4bfa494d47ed3dcead1bc59)] -> xpath: //input[@placeholder='Username']]
2024-12-17 01:12:581 INFO  LoginPage :41 - Enter Password : [[ChromeDriver: chrome on windows (c4a5ca42d4bfa494d47ed3dcead1bc59)] -> xpath: //input[@placeholder='Password']]
2024-12-17 01:12:421 INFO  LoginPage :46 - Click On Login Button : [[ChromeDriver: chrome on windows (c4a5ca42d4bfa494d47ed3dcead1bc59)] -> xpath: //button[normalize-space()='Login']]
2024-12-17 01:12:760 INFO  LoginPage :36 - Enter Username : [[ChromeDriver: chrome on windows (825a6af66dd4606479c4d7ed8b0659bd)] -> xpath: //input[@placeholder='Username']]
2024-12-17 01:12:943 INFO  LoginPage :41 - Enter Password : [[ChromeDriver: chrome on windows (825a6af66dd4606479c4d7ed8b0659bd)] -> xpath: //input[@placeholder='Password']]
2024-12-17 01:12:746 INFO  LoginPage :46 - Click On Login Button : [[ChromeDriver: chrome on windows (825a6af66dd4606479c4d7ed8b0659bd)] -> xpath: //button[normalize-space()='Login']]
2024-12-17 01:12:982 INFO  DashboardPage :37 - Verify Logo Is Displayed : true
2024-12-17 01:12:168 INFO  LoginPage :36 - Enter Username : [[ChromeDriver: chrome on windows (ca031555ffbc1debf441c65468823774)] -> xpath: //input[@placeholder='Username']]
2024-12-17 01:12:264 INFO  LoginPage :41 - Enter Password : [[ChromeDriver: chrome on windows (ca031555ffbc1debf441c65468823774)] -> xpath: //input[@placeholder='Password']]
2024-12-17 01:12:83 INFO  LoginPage :46 - Click On Login Button : [[ChromeDriver: chrome on windows (ca031555ffbc1debf441c65468823774)] -> xpath: //button[normalize-space()='Login']]
2024-12-17 01:12:359 INFO  DashboardPage :42 - Click on User Profile Logo : [[ChromeDriver: chrome on windows (ca031555ffbc1debf441c65468823774)] -> css selector: .oxd-userdropdown-img]
2024-12-17 01:12:910 INFO  DashboardPage :47 - Click On Logout : [[ChromeDriver: chrome on windows (ca031555ffbc1debf441c65468823774)] -> xpath: //a[normalize-space()='Logout']]
2024-12-17 01:12:932 INFO  LoginPage :36 - Enter Username : [[ChromeDriver: chrome on windows (68937867b68402e0eb6ffa8808306df9)] -> xpath: //input[@placeholder='Username']]
2024-12-17 01:12:991 INFO  LoginPage :41 - Enter Password : [[ChromeDriver: chrome on windows (68937867b68402e0eb6ffa8808306df9)] -> xpath: //input[@placeholder='Password']]
2024-12-17 01:12:65 INFO  LoginPage :46 - Click On Login Button : [[ChromeDriver: chrome on windows (68937867b68402e0eb6ffa8808306df9)] -> xpath: //button[normalize-space()='Login']]
2024-12-17 01:12:261 INFO  LoginPage :36 - Enter Username : [[ChromeDriver: chrome on windows (d95b14acbb956bad108198106cf66d77)] -> xpath: //input[@placeholder='Username']]
2024-12-17 01:12:356 INFO  LoginPage :41 - Enter Password : [[ChromeDriver: chrome on windows (d95b14acbb956bad108198106cf66d77)] -> xpath: //input[@placeholder='Password']]
2024-12-17 01:12:442 INFO  LoginPage :46 - Click On Login Button : [[ChromeDriver: chrome on windows (d95b14acbb956bad108198106cf66d77)] -> xpath: //button[normalize-space()='Login']]
2024-12-17 01:12:736 INFO  LoginPage :36 - Enter Username : [[ChromeDriver: chrome on windows (c1836a8ef36062f8693e7b6f6bdc2012)] -> xpath: //input[@placeholder='Username']]
2024-12-17 01:12:821 INFO  LoginPage :41 - Enter Password : [[ChromeDriver: chrome on windows (c1836a8ef36062f8693e7b6f6bdc2012)] -> xpath: //input[@placeholder='Password']]
2024-12-17 01:12:924 INFO  LoginPage :46 - Click On Login Button : [[ChromeDriver: chrome on windows (c1836a8ef36062f8693e7b6f6bdc2012)] -> xpath: //button[normalize-space()='Login']]
2024-12-17 01:12:497 INFO  LoginPage :36 - Enter Username : [[ChromeDriver: chrome on windows (4426230603ed3d7928ed9b9bab82c69f)] -> xpath: //input[@placeholder='Username']]
2024-12-17 01:12:662 INFO  LoginPage :41 - Enter Password : [[ChromeDriver: chrome on windows (4426230603ed3d7928ed9b9bab82c69f)] -> xpath: //input[@placeholder='Password']]
2024-12-17 01:12:782 INFO  LoginPage :46 - Click On Login Button : [[ChromeDriver: chrome on windows (4426230603ed3d7928ed9b9bab82c69f)] -> xpath: //button[normalize-space()='Login']]
2024-12-17 12:12:260 INFO  LoginPage :36 - Enter Username : [[ChromeDriver: chrome on windows (64e9fb8c67f99598eba1f75bc2ba5cfc)] -> xpath: //input[@placeholder='Username']]
2024-12-17 12:12:366 INFO  LoginPage :41 - Enter Password : [[ChromeDriver: chrome on windows (64e9fb8c67f99598eba1f75bc2ba5cfc)] -> xpath: //input[@placeholder='Password']]
2024-12-17 12:12:466 INFO  LoginPage :46 - Click On Login Button : [[ChromeDriver: chrome on windows (64e9fb8c67f99598eba1f75bc2ba5cfc)] -> xpath: //button[normalize-space()='Login']]
2024-12-17 12:12:522 INFO  LoginPage :36 - Enter Username : [[ChromeDriver: chrome on windows (3f28b2761f54ea6219cb985595c4c6d9)] -> xpath: //input[@placeholder='Username']]
2024-12-17 12:12:606 INFO  LoginPage :41 - Enter Password : [[ChromeDriver: chrome on windows (3f28b2761f54ea6219cb985595c4c6d9)] -> xpath: //input[@placeholder='Password']]
2024-12-17 12:12:419 INFO  LoginPage :46 - Click On Login Button : [[ChromeDriver: chrome on windows (3f28b2761f54ea6219cb985595c4c6d9)] -> xpath: //button[normalize-space()='Login']]
2024-12-17 12:12:253 INFO  DashboardPage :57 - Click On Admin Tab : [[ChromeDriver: chrome on windows (3f28b2761f54ea6219cb985595c4c6d9)] -> xpath: //li[1]//a[1]//span[1]]
2024-12-17 12:12:756 INFO  AdminPage :28 - Click On Add Button : [[ChromeDriver: chrome on windows (3f28b2761f54ea6219cb985595c4c6d9)] -> xpath: //i[@class='oxd-icon bi-plus oxd-button-icon']]
2024-12-17 12:12:487 INFO  LoginPage :36 - Enter Username : [[ChromeDriver: chrome on windows (434e61512200616f3291b6cecc4cea02)] -> xpath: //input[@placeholder='Username']]
2024-12-17 12:12:587 INFO  LoginPage :41 - Enter Password : [[ChromeDriver: chrome on windows (434e61512200616f3291b6cecc4cea02)] -> xpath: //input[@placeholder='Password']]
2024-12-17 12:12:409 INFO  LoginPage :46 - Click On Login Button : [[ChromeDriver: chrome on windows (434e61512200616f3291b6cecc4cea02)] -> xpath: //button[normalize-space()='Login']]
2024-12-17 12:12:330 INFO  DashboardPage :57 - Click On Admin Tab : [[ChromeDriver: chrome on windows (434e61512200616f3291b6cecc4cea02)] -> xpath: //li[1]//a[1]//span[1]]
2024-12-17 12:12:843 INFO  AdminPage :28 - Click On Add Button : [[ChromeDriver: chrome on windows (434e61512200616f3291b6cecc4cea02)] -> xpath: //i[@class='oxd-icon bi-plus oxd-button-icon']]
2024-12-17 12:12:120 INFO  LoginPage :36 - Enter Username : [[ChromeDriver: chrome on windows (161514e89ee2729817d2a7016287933e)] -> xpath: //input[@placeholder='Username']]
2024-12-17 12:12:200 INFO  LoginPage :41 - Enter Password : [[ChromeDriver: chrome on windows (161514e89ee2729817d2a7016287933e)] -> xpath: //input[@placeholder='Password']]
2024-12-17 12:12:19 INFO  LoginPage :46 - Click On Login Button : [[ChromeDriver: chrome on windows (161514e89ee2729817d2a7016287933e)] -> xpath: //button[normalize-space()='Login']]
2024-12-17 12:12:922 INFO  DashboardPage :57 - Click On Admin Tab : [[ChromeDriver: chrome on windows (161514e89ee2729817d2a7016287933e)] -> xpath: //li[1]//a[1]//span[1]]
2024-12-17 12:12:447 INFO  AdminPage :28 - Click On Add Button : [[ChromeDriver: chrome on windows (161514e89ee2729817d2a7016287933e)] -> xpath: //i[@class='oxd-icon bi-plus oxd-button-icon']]
2024-12-17 13:12:723 INFO  LoginPage :36 - Enter Username : [[ChromeDriver: chrome on windows (f37a876ddafdd716c4f40b70a6a17b06)] -> xpath: //input[@placeholder='Username']]
2024-12-17 13:12:824 INFO  LoginPage :41 - Enter Password : [[ChromeDriver: chrome on windows (f37a876ddafdd716c4f40b70a6a17b06)] -> xpath: //input[@placeholder='Password']]
2024-12-17 13:12:904 INFO  LoginPage :46 - Click On Login Button : [[ChromeDriver: chrome on windows (f37a876ddafdd716c4f40b70a6a17b06)] -> xpath: //button[normalize-space()='Login']]
2024-12-17 13:12:489 INFO  DashboardPage :57 - Click On Admin Tab : [[ChromeDriver: chrome on windows (f37a876ddafdd716c4f40b70a6a17b06)] -> xpath: //li[1]//a[1]//span[1]]
2024-12-17 13:12:25 INFO  AdminPage :28 - Click On Add Button : [[ChromeDriver: chrome on windows (f37a876ddafdd716c4f40b70a6a17b06)] -> xpath: //i[@class='oxd-icon bi-plus oxd-button-icon']]
2024-12-17 13:12:911 INFO  LoginPage :36 - Enter Username : [[ChromeDriver: chrome on windows (24d3965eade25938cf1d2f56040078f6)] -> xpath: //input[@placeholder='Username']]
2024-12-17 13:12:995 INFO  LoginPage :41 - Enter Password : [[ChromeDriver: chrome on windows (24d3965eade25938cf1d2f56040078f6)] -> xpath: //input[@placeholder='Password']]
2024-12-17 13:12:838 INFO  LoginPage :46 - Click On Login Button : [[ChromeDriver: chrome on windows (24d3965eade25938cf1d2f56040078f6)] -> xpath: //button[normalize-space()='Login']]
2024-12-17 13:12:679 INFO  DashboardPage :57 - Click On Admin Tab : [[ChromeDriver: chrome on windows (24d3965eade25938cf1d2f56040078f6)] -> xpath: //li[1]//a[1]//span[1]]
2024-12-17 13:12:258 INFO  AdminPage :28 - Click On Add Button : [[ChromeDriver: chrome on windows (24d3965eade25938cf1d2f56040078f6)] -> xpath: //i[@class='oxd-icon bi-plus oxd-button-icon']]
2024-12-17 13:12:874 INFO  LoginPage :36 - Enter Username : [[ChromeDriver: chrome on windows (ae9945ebbdf9f28a2a6bb41440c62fb8)] -> xpath: //input[@placeholder='Username']]
2024-12-17 13:12:964 INFO  LoginPage :41 - Enter Password : [[ChromeDriver: chrome on windows (ae9945ebbdf9f28a2a6bb41440c62fb8)] -> xpath: //input[@placeholder='Password']]
2024-12-17 13:12:814 INFO  LoginPage :46 - Click On Login Button : [[ChromeDriver: chrome on windows (ae9945ebbdf9f28a2a6bb41440c62fb8)] -> xpath: //button[normalize-space()='Login']]
2024-12-17 13:12:661 INFO  DashboardPage :57 - Click On Admin Tab : [[ChromeDriver: chrome on windows (ae9945ebbdf9f28a2a6bb41440c62fb8)] -> xpath: //li[1]//a[1]//span[1]]
2024-12-17 13:12:226 INFO  AdminPage :28 - Click On Add Button : [[ChromeDriver: chrome on windows (ae9945ebbdf9f28a2a6bb41440c62fb8)] -> xpath: //i[@class='oxd-icon bi-plus oxd-button-icon']]
2024-12-17 13:12:613 INFO  AddUserPage :57 - Select Role Admin : [[ChromeDriver: chrome on windows (ae9945ebbdf9f28a2a6bb41440c62fb8)] -> xpath: //body[1]/div[1]/div[1]/div[2]/div[2]/div[1]/div[1]/form[1]/div[1]/div[1]/div[1]/div[1]/div[2]/div[1]/div[1]]
2024-12-17 13:12:693 INFO  AddUserPage :62 - Enter EmployeeName : [[ChromeDriver: chrome on windows (ae9945ebbdf9f28a2a6bb41440c62fb8)] -> xpath: //input[@placeholder='Type for hints...']]
2024-12-17 13:12:780 INFO  AddUserPage :67 - Enter UserName : [[ChromeDriver: chrome on windows (ae9945ebbdf9f28a2a6bb41440c62fb8)] -> css selector: div[class='oxd-form-row'] div[class='oxd-grid-2 orangehrm-full-width-grid'] div[class='oxd-grid-item oxd-grid-item--gutters'] div[class='oxd-input-group oxd-input-field-bottom-space'] div input[class='oxd-input oxd-input--active']]
2024-12-17 13:12:961 INFO  AddUserPage :73 - Select Status : [[ChromeDriver: chrome on windows (ae9945ebbdf9f28a2a6bb41440c62fb8)] -> xpath: //body[1]/div[1]/div[1]/div[2]/div[2]/div[1]/div[1]/form[1]/div[1]/div[1]/div[3]/div[1]/div[2]/div[1]/div[1]]
2024-12-17 13:12:37 INFO  AddUserPage :78 - Enter Password : [[ChromeDriver: chrome on windows (ae9945ebbdf9f28a2a6bb41440c62fb8)] -> xpath: //div[@class='oxd-grid-item oxd-grid-item--gutters user-password-cell']//div[@class='oxd-input-group oxd-input-field-bottom-space']//div//input[@type='password']]
2024-12-17 13:12:120 INFO  AddUserPage :83 - Enter Confirm Password : [[ChromeDriver: chrome on windows (ae9945ebbdf9f28a2a6bb41440c62fb8)] -> xpath: //div[@class='oxd-grid-item oxd-grid-item--gutters']//div[@class='oxd-input-group oxd-input-field-bottom-space']//div//input[@type='password']]
2024-12-17 13:12:196 INFO  AddUserPage :88 - Click On Save Button : [[ChromeDriver: chrome on windows (ae9945ebbdf9f28a2a6bb41440c62fb8)] -> xpath: //button[normalize-space()='Save']]
2024-12-17 14:12:06 INFO  LoginPage :36 - Enter Username : [[ChromeDriver: chrome on windows (ff5973c2a3ecbd1aa1f6df83f94ddb75)] -> xpath: //input[@placeholder='Username']]
2024-12-17 14:12:92 INFO  LoginPage :41 - Enter Password : [[ChromeDriver: chrome on windows (ff5973c2a3ecbd1aa1f6df83f94ddb75)] -> xpath: //input[@placeholder='Password']]
2024-12-17 14:12:927 INFO  LoginPage :46 - Click On Login Button : [[ChromeDriver: chrome on windows (ff5973c2a3ecbd1aa1f6df83f94ddb75)] -> xpath: //button[normalize-space()='Login']]
2024-12-17 14:12:820 INFO  DashboardPage :57 - Click On Admin Tab : [[ChromeDriver: chrome on windows (ff5973c2a3ecbd1aa1f6df83f94ddb75)] -> xpath: //li[1]//a[1]//span[1]]
2024-12-17 14:12:240 INFO  ViewSystemUsersPage :42 - Select user : [[ChromeDriver: chrome on windows (ff5973c2a3ecbd1aa1f6df83f94ddb75)] -> xpath: //div[@class='oxd-input-group oxd-input-field-bottom-space']//div//input[@class='oxd-input oxd-input--active']]
2024-12-17 14:12:443 INFO  ViewSystemUsersPage :37 - Select Role : [[ChromeDriver: chrome on windows (ff5973c2a3ecbd1aa1f6df83f94ddb75)] -> xpath: //body[1]/div[1]/div[1]/div[2]/div[2]/div[1]/div[1]/div[2]/form[1]/div[1]/div[1]/div[2]/div[1]/div[2]/div[1]/div[1]]
2024-12-17 14:12:632 INFO  ViewSystemUsersPage :48 - Select status : [[ChromeDriver: chrome on windows (ff5973c2a3ecbd1aa1f6df83f94ddb75)] -> xpath: //body[1]/div[1]/div[1]/div[2]/div[2]/div[1]/div[1]/div[2]/form[1]/div[1]/div[1]/div[4]/div[1]/div[2]/div[1]/div[1]]
2024-12-17 14:12:735 INFO  ViewSystemUsersPage :52 - Click On Search Button : [[ChromeDriver: chrome on windows (ff5973c2a3ecbd1aa1f6df83f94ddb75)] -> xpath: //button[normalize-space()='Search']]
2024-12-17 14:12:170 INFO  LoginPage :36 - Enter Username : [[ChromeDriver: chrome on windows (2d166c527b840984b9ca0fa9d356ebed)] -> xpath: //input[@placeholder='Username']]
2024-12-17 14:12:258 INFO  LoginPage :41 - Enter Password : [[ChromeDriver: chrome on windows (2d166c527b840984b9ca0fa9d356ebed)] -> xpath: //input[@placeholder='Password']]
2024-12-17 14:12:794 INFO  LoginPage :46 - Click On Login Button : [[ChromeDriver: chrome on windows (2d166c527b840984b9ca0fa9d356ebed)] -> xpath: //button[normalize-space()='Login']]
2024-12-17 14:12:368 INFO  DashboardPage :57 - Click On Admin Tab : [[ChromeDriver: chrome on windows (2d166c527b840984b9ca0fa9d356ebed)] -> xpath: //li[1]//a[1]//span[1]]
2024-12-17 14:12:849 INFO  ViewSystemUsersPage :42 - Select user : [[ChromeDriver: chrome on windows (2d166c527b840984b9ca0fa9d356ebed)] -> xpath: //div[@class='oxd-input-group oxd-input-field-bottom-space']//div//input[@class='oxd-input oxd-input--active']]
2024-12-17 14:12:23 INFO  ViewSystemUsersPage :37 - Select Role : [[ChromeDriver: chrome on windows (2d166c527b840984b9ca0fa9d356ebed)] -> xpath: //body[1]/div[1]/div[1]/div[2]/div[2]/div[1]/div[1]/div[2]/form[1]/div[1]/div[1]/div[2]/div[1]/div[2]/div[1]/div[1]]
2024-12-17 14:12:184 INFO  ViewSystemUsersPage :48 - Select status : [[ChromeDriver: chrome on windows (2d166c527b840984b9ca0fa9d356ebed)] -> xpath: //body[1]/div[1]/div[1]/div[2]/div[2]/div[1]/div[1]/div[2]/form[1]/div[1]/div[1]/div[4]/div[1]/div[2]/div[1]/div[1]]
2024-12-17 14:12:257 INFO  ViewSystemUsersPage :52 - Click On Search Button : [[ChromeDriver: chrome on windows (2d166c527b840984b9ca0fa9d356ebed)] -> xpath: //button[normalize-space()='Search']]
2024-12-17 15:12:736 INFO  LoginPage :36 - Enter Username : [[ChromeDriver: chrome on windows (b1b30167dce53b9a733c5667414410b2)] -> xpath: //input[@placeholder='Username']]
2024-12-17 15:12:829 INFO  LoginPage :41 - Enter Password : [[ChromeDriver: chrome on windows (b1b30167dce53b9a733c5667414410b2)] -> xpath: //input[@placeholder='Password']]
2024-12-17 15:12:665 INFO  LoginPage :46 - Click On Login Button : [[ChromeDriver: chrome on windows (b1b30167dce53b9a733c5667414410b2)] -> xpath: //button[normalize-space()='Login']]
2024-12-17 15:12:530 INFO  DashboardPage :57 - Click On Admin Tab : [[ChromeDriver: chrome on windows (b1b30167dce53b9a733c5667414410b2)] -> xpath: //li[1]//a[1]//span[1]]
2024-12-17 15:12:823 INFO  ViewSystemUsersPage :42 - Select user : [[ChromeDriver: chrome on windows (b1b30167dce53b9a733c5667414410b2)] -> xpath: //div[@class='oxd-input-group oxd-input-field-bottom-space']//div//input[@class='oxd-input oxd-input--active']]
2024-12-17 15:12:995 INFO  ViewSystemUsersPage :37 - Select Role : [[ChromeDriver: chrome on windows (b1b30167dce53b9a733c5667414410b2)] -> xpath: //body[1]/div[1]/div[1]/div[2]/div[2]/div[1]/div[1]/div[2]/form[1]/div[1]/div[1]/div[2]/div[1]/div[2]/div[1]/div[1]]
2024-12-17 15:12:143 INFO  ViewSystemUsersPage :48 - Select status : [[ChromeDriver: chrome on windows (b1b30167dce53b9a733c5667414410b2)] -> xpath: //body[1]/div[1]/div[1]/div[2]/div[2]/div[1]/div[1]/div[2]/form[1]/div[1]/div[1]/div[4]/div[1]/div[2]/div[1]/div[1]]
2024-12-17 15:12:212 INFO  ViewSystemUsersPage :52 - Click On Search Button : [[ChromeDriver: chrome on windows (b1b30167dce53b9a733c5667414410b2)] -> xpath: //button[normalize-space()='Search']]
2024-12-17 15:12:972 INFO  LoginPage :36 - Enter Username : [[ChromeDriver: chrome on windows (64a9bd78adf9ed4c5310a6217868ae9a)] -> xpath: //input[@placeholder='Username']]
2024-12-17 15:12:69 INFO  LoginPage :41 - Enter Password : [[ChromeDriver: chrome on windows (64a9bd78adf9ed4c5310a6217868ae9a)] -> xpath: //input[@placeholder='Password']]
2024-12-17 15:12:155 INFO  LoginPage :46 - Click On Login Button : [[ChromeDriver: chrome on windows (64a9bd78adf9ed4c5310a6217868ae9a)] -> xpath: //button[normalize-space()='Login']]
2024-12-17 15:12:712 INFO  DashboardPage :57 - Click On Admin Tab : [[ChromeDriver: chrome on windows (64a9bd78adf9ed4c5310a6217868ae9a)] -> xpath: //li[1]//a[1]//span[1]]
2024-12-17 15:12:49 INFO  ViewSystemUsersPage :42 - Select user : [[ChromeDriver: chrome on windows (64a9bd78adf9ed4c5310a6217868ae9a)] -> xpath: //div[@class='oxd-input-group oxd-input-field-bottom-space']//div//input[@class='oxd-input oxd-input--active']]
2024-12-17 15:12:235 INFO  ViewSystemUsersPage :37 - Select Role : [[ChromeDriver: chrome on windows (64a9bd78adf9ed4c5310a6217868ae9a)] -> xpath: //body[1]/div[1]/div[1]/div[2]/div[2]/div[1]/div[1]/div[2]/form[1]/div[1]/div[1]/div[2]/div[1]/div[2]/div[1]/div[1]]
2024-12-17 15:12:386 INFO  ViewSystemUsersPage :48 - Select status : [[ChromeDriver: chrome on windows (64a9bd78adf9ed4c5310a6217868ae9a)] -> xpath: //body[1]/div[1]/div[1]/div[2]/div[2]/div[1]/div[1]/div[2]/form[1]/div[1]/div[1]/div[4]/div[1]/div[2]/div[1]/div[1]]
2024-12-17 15:12:463 INFO  ViewSystemUsersPage :52 - Click On Search Button : [[ChromeDriver: chrome on windows (64a9bd78adf9ed4c5310a6217868ae9a)] -> xpath: //button[normalize-space()='Search']]
2024-12-17 15:12:155 INFO  LoginPage :36 - Enter Username : [[ChromeDriver: chrome on windows (592d5926159b19c2031579bba5c48f3d)] -> xpath: //input[@placeholder='Username']]
2024-12-17 15:12:246 INFO  LoginPage :41 - Enter Password : [[ChromeDriver: chrome on windows (592d5926159b19c2031579bba5c48f3d)] -> xpath: //input[@placeholder='Password']]
2024-12-17 15:12:63 INFO  LoginPage :46 - Click On Login Button : [[ChromeDriver: chrome on windows (592d5926159b19c2031579bba5c48f3d)] -> xpath: //button[normalize-space()='Login']]
2024-12-17 15:12:928 INFO  DashboardPage :57 - Click On Admin Tab : [[ChromeDriver: chrome on windows (592d5926159b19c2031579bba5c48f3d)] -> xpath: //li[1]//a[1]//span[1]]
2024-12-17 15:12:225 INFO  ViewSystemUsersPage :42 - Select user : [[ChromeDriver: chrome on windows (592d5926159b19c2031579bba5c48f3d)] -> xpath: //div[@class='oxd-input-group oxd-input-field-bottom-space']//div//input[@class='oxd-input oxd-input--active']]
2024-12-17 15:12:409 INFO  ViewSystemUsersPage :37 - Select Role : [[ChromeDriver: chrome on windows (592d5926159b19c2031579bba5c48f3d)] -> xpath: //body[1]/div[1]/div[1]/div[2]/div[2]/div[1]/div[1]/div[2]/form[1]/div[1]/div[1]/div[2]/div[1]/div[2]/div[1]/div[1]]
2024-12-17 15:12:557 INFO  ViewSystemUsersPage :48 - Select status : [[ChromeDriver: chrome on windows (592d5926159b19c2031579bba5c48f3d)] -> xpath: //body[1]/div[1]/div[1]/div[2]/div[2]/div[1]/div[1]/div[2]/form[1]/div[1]/div[1]/div[4]/div[1]/div[2]/div[1]/div[1]]
2024-12-17 15:12:629 INFO  ViewSystemUsersPage :52 - Click On Search Button : [[ChromeDriver: chrome on windows (592d5926159b19c2031579bba5c48f3d)] -> xpath: //button[normalize-space()='Search']]
2024-12-17 15:12:762 INFO  LoginPage :36 - Enter Username : [[ChromeDriver: chrome on windows (135a2335e109154cc22fd5729c9d72f3)] -> xpath: //input[@placeholder='Username']]
2024-12-17 15:12:893 INFO  LoginPage :41 - Enter Password : [[ChromeDriver: chrome on windows (135a2335e109154cc22fd5729c9d72f3)] -> xpath: //input[@placeholder='Password']]
2024-12-17 15:12:975 INFO  LoginPage :46 - Click On Login Button : [[ChromeDriver: chrome on windows (135a2335e109154cc22fd5729c9d72f3)] -> xpath: //button[normalize-space()='Login']]
2024-12-17 15:12:722 INFO  DashboardPage :57 - Click On Admin Tab : [[ChromeDriver: chrome on windows (135a2335e109154cc22fd5729c9d72f3)] -> xpath: //li[1]//a[1]//span[1]]
2024-12-17 15:12:19 INFO  ViewSystemUsersPage :46 - Select user : [[ChromeDriver: chrome on windows (135a2335e109154cc22fd5729c9d72f3)] -> xpath: //div[@class='oxd-input-group oxd-input-field-bottom-space']//div//input[@class='oxd-input oxd-input--active']]
2024-12-17 15:12:204 INFO  ViewSystemUsersPage :41 - Select Role : [[ChromeDriver: chrome on windows (135a2335e109154cc22fd5729c9d72f3)] -> xpath: //body[1]/div[1]/div[1]/div[2]/div[2]/div[1]/div[1]/div[2]/form[1]/div[1]/div[1]/div[2]/div[1]/div[2]/div[1]/div[1]]
2024-12-17 15:12:360 INFO  ViewSystemUsersPage :52 - Select status : [[ChromeDriver: chrome on windows (135a2335e109154cc22fd5729c9d72f3)] -> xpath: //body[1]/div[1]/div[1]/div[2]/div[2]/div[1]/div[1]/div[2]/form[1]/div[1]/div[1]/div[4]/div[1]/div[2]/div[1]/div[1]]
2024-12-17 15:12:431 INFO  ViewSystemUsersPage :56 - Click On Search Button : [[ChromeDriver: chrome on windows (135a2335e109154cc22fd5729c9d72f3)] -> xpath: //button[normalize-space()='Search']]
2024-12-17 15:12:411 INFO  LoginPage :36 - Enter Username : [[ChromeDriver: chrome on windows (93b54552560798b8d59604102a7d96ff)] -> xpath: //input[@placeholder='Username']]
2024-12-17 15:12:501 INFO  LoginPage :41 - Enter Password : [[ChromeDriver: chrome on windows (93b54552560798b8d59604102a7d96ff)] -> xpath: //input[@placeholder='Password']]
2024-12-17 15:12:350 INFO  LoginPage :46 - Click On Login Button : [[ChromeDriver: chrome on windows (93b54552560798b8d59604102a7d96ff)] -> xpath: //button[normalize-space()='Login']]
2024-12-17 15:12:142 INFO  DashboardPage :57 - Click On Admin Tab : [[ChromeDriver: chrome on windows (93b54552560798b8d59604102a7d96ff)] -> xpath: //li[1]//a[1]//span[1]]
2024-12-17 15:12:429 INFO  ViewSystemUsersPage :46 - Select user : [[ChromeDriver: chrome on windows (93b54552560798b8d59604102a7d96ff)] -> xpath: //div[@class='oxd-input-group oxd-input-field-bottom-space']//div//input[@class='oxd-input oxd-input--active']]
2024-12-17 15:12:605 INFO  ViewSystemUsersPage :41 - Select Role : [[ChromeDriver: chrome on windows (93b54552560798b8d59604102a7d96ff)] -> xpath: //body[1]/div[1]/div[1]/div[2]/div[2]/div[1]/div[1]/div[2]/form[1]/div[1]/div[1]/div[2]/div[1]/div[2]/div[1]/div[1]]
2024-12-17 15:12:761 INFO  ViewSystemUsersPage :52 - Select status : [[ChromeDriver: chrome on windows (93b54552560798b8d59604102a7d96ff)] -> xpath: //body[1]/div[1]/div[1]/div[2]/div[2]/div[1]/div[1]/div[2]/form[1]/div[1]/div[1]/div[4]/div[1]/div[2]/div[1]/div[1]]
2024-12-17 15:12:829 INFO  ViewSystemUsersPage :56 - Click On Search Button : [[ChromeDriver: chrome on windows (93b54552560798b8d59604102a7d96ff)] -> xpath: //button[normalize-space()='Search']]
2024-12-17 15:12:505 INFO  LoginPage :36 - Enter Username : [[ChromeDriver: chrome on windows (6933a79aa75dabbaa9a31fdef54bc60b)] -> xpath: //input[@placeholder='Username']]
2024-12-17 15:12:686 INFO  LoginPage :41 - Enter Password : [[ChromeDriver: chrome on windows (6933a79aa75dabbaa9a31fdef54bc60b)] -> xpath: //input[@placeholder='Password']]
2024-12-17 15:12:790 INFO  LoginPage :46 - Click On Login Button : [[ChromeDriver: chrome on windows (6933a79aa75dabbaa9a31fdef54bc60b)] -> xpath: //button[normalize-space()='Login']]
2024-12-17 15:12:640 INFO  DashboardPage :57 - Click On Admin Tab : [[ChromeDriver: chrome on windows (6933a79aa75dabbaa9a31fdef54bc60b)] -> xpath: //li[1]//a[1]//span[1]]
2024-12-17 15:12:957 INFO  ViewSystemUsersPage :46 - Select user : [[ChromeDriver: chrome on windows (6933a79aa75dabbaa9a31fdef54bc60b)] -> xpath: //div[@class='oxd-input-group oxd-input-field-bottom-space']//div//input[@class='oxd-input oxd-input--active']]
2024-12-17 15:12:131 INFO  ViewSystemUsersPage :41 - Select Role : [[ChromeDriver: chrome on windows (6933a79aa75dabbaa9a31fdef54bc60b)] -> xpath: //body[1]/div[1]/div[1]/div[2]/div[2]/div[1]/div[1]/div[2]/form[1]/div[1]/div[1]/div[2]/div[1]/div[2]/div[1]/div[1]]
2024-12-17 15:12:297 INFO  ViewSystemUsersPage :52 - Select status : [[ChromeDriver: chrome on windows (6933a79aa75dabbaa9a31fdef54bc60b)] -> xpath: //body[1]/div[1]/div[1]/div[2]/div[2]/div[1]/div[1]/div[2]/form[1]/div[1]/div[1]/div[4]/div[1]/div[2]/div[1]/div[1]]
2024-12-17 15:12:373 INFO  ViewSystemUsersPage :56 - Click On Search Button : [[ChromeDriver: chrome on windows (6933a79aa75dabbaa9a31fdef54bc60b)] -> xpath: //button[normalize-space()='Search']]
2024-12-17 15:12:524 INFO  LoginPage :36 - Enter Username : [[ChromeDriver: chrome on windows (f726715283768ad1273230714324fc3b)] -> xpath: //input[@placeholder='Username']]
2024-12-17 15:12:613 INFO  LoginPage :41 - Enter Password : [[ChromeDriver: chrome on windows (f726715283768ad1273230714324fc3b)] -> xpath: //input[@placeholder='Password']]
2024-12-17 15:12:423 INFO  LoginPage :46 - Click On Login Button : [[ChromeDriver: chrome on windows (f726715283768ad1273230714324fc3b)] -> xpath: //button[normalize-space()='Login']]
2024-12-17 15:12:297 INFO  DashboardPage :57 - Click On Admin Tab : [[ChromeDriver: chrome on windows (f726715283768ad1273230714324fc3b)] -> xpath: //li[1]//a[1]//span[1]]
2024-12-17 15:12:586 INFO  ViewSystemUsersPage :46 - Select user : [[ChromeDriver: chrome on windows (f726715283768ad1273230714324fc3b)] -> xpath: //div[@class='oxd-input-group oxd-input-field-bottom-space']//div//input[@class='oxd-input oxd-input--active']]
2024-12-17 15:12:761 INFO  ViewSystemUsersPage :41 - Select Role : [[ChromeDriver: chrome on windows (f726715283768ad1273230714324fc3b)] -> xpath: //body[1]/div[1]/div[1]/div[2]/div[2]/div[1]/div[1]/div[2]/form[1]/div[1]/div[1]/div[2]/div[1]/div[2]/div[1]/div[1]]
2024-12-17 15:12:919 INFO  ViewSystemUsersPage :52 - Select status : [[ChromeDriver: chrome on windows (f726715283768ad1273230714324fc3b)] -> xpath: //body[1]/div[1]/div[1]/div[2]/div[2]/div[1]/div[1]/div[2]/form[1]/div[1]/div[1]/div[4]/div[1]/div[2]/div[1]/div[1]]
2024-12-17 15:12:988 INFO  ViewSystemUsersPage :56 - Click On Search Button : [[ChromeDriver: chrome on windows (f726715283768ad1273230714324fc3b)] -> xpath: //button[normalize-space()='Search']]
2024-12-17 16:12:30 INFO  LoginPage :36 - Enter Username : [[ChromeDriver: chrome on windows (b49d52eea0529ea1fa517bb71c521359)] -> xpath: //input[@placeholder='Username']]
2024-12-17 16:12:142 INFO  LoginPage :41 - Enter Password : [[ChromeDriver: chrome on windows (b49d52eea0529ea1fa517bb71c521359)] -> xpath: //input[@placeholder='Password']]
2024-12-17 16:12:245 INFO  LoginPage :46 - Click On Login Button : [[ChromeDriver: chrome on windows (b49d52eea0529ea1fa517bb71c521359)] -> xpath: //button[normalize-space()='Login']]
2024-12-17 16:12:817 INFO  DashboardPage :57 - Click On Admin Tab : [[ChromeDriver: chrome on windows (b49d52eea0529ea1fa517bb71c521359)] -> xpath: //li[1]//a[1]//span[1]]
2024-12-17 16:12:305 INFO  ViewSystemUsersPage :66 - Select user : [[ChromeDriver: chrome on windows (b49d52eea0529ea1fa517bb71c521359)] -> xpath: //div[@class='oxd-input-group oxd-input-field-bottom-space']//div//input[@class='oxd-input oxd-input--active']]
2024-12-17 16:12:458 INFO  ViewSystemUsersPage :61 - Select Role : [[ChromeDriver: chrome on windows (b49d52eea0529ea1fa517bb71c521359)] -> xpath: //body[1]/div[1]/div[1]/div[2]/div[2]/div[1]/div[1]/div[2]/form[1]/div[1]/div[1]/div[2]/div[1]/div[2]/div[1]/div[1]]
2024-12-17 16:12:611 INFO  ViewSystemUsersPage :72 - Select status : [[ChromeDriver: chrome on windows (b49d52eea0529ea1fa517bb71c521359)] -> xpath: //body[1]/div[1]/div[1]/div[2]/div[2]/div[1]/div[1]/div[2]/form[1]/div[1]/div[1]/div[4]/div[1]/div[2]/div[1]/div[1]]
2024-12-17 16:12:701 INFO  ViewSystemUsersPage :76 - Click On Search Button : [[ChromeDriver: chrome on windows (b49d52eea0529ea1fa517bb71c521359)] -> xpath: //button[normalize-space()='Search']]
2024-12-17 16:12:291 INFO  LoginPage :36 - Enter Username : [[ChromeDriver: chrome on windows (e1d4f5da3e8fac365d7985a760002a69)] -> xpath: //input[@placeholder='Username']]
2024-12-17 16:12:378 INFO  LoginPage :41 - Enter Password : [[ChromeDriver: chrome on windows (e1d4f5da3e8fac365d7985a760002a69)] -> xpath: //input[@placeholder='Password']]
2024-12-17 16:12:194 INFO  LoginPage :46 - Click On Login Button : [[ChromeDriver: chrome on windows (e1d4f5da3e8fac365d7985a760002a69)] -> xpath: //button[normalize-space()='Login']]
2024-12-17 16:12:992 INFO  DashboardPage :57 - Click On Admin Tab : [[ChromeDriver: chrome on windows (e1d4f5da3e8fac365d7985a760002a69)] -> xpath: //li[1]//a[1]//span[1]]
2024-12-17 16:12:291 INFO  ViewSystemUsersPage :66 - Select user : [[ChromeDriver: chrome on windows (e1d4f5da3e8fac365d7985a760002a69)] -> xpath: //div[@class='oxd-input-group oxd-input-field-bottom-space']//div//input[@class='oxd-input oxd-input--active']]
2024-12-17 16:12:456 INFO  ViewSystemUsersPage :61 - Select Role : [[ChromeDriver: chrome on windows (e1d4f5da3e8fac365d7985a760002a69)] -> xpath: //body[1]/div[1]/div[1]/div[2]/div[2]/div[1]/div[1]/div[2]/form[1]/div[1]/div[1]/div[2]/div[1]/div[2]/div[1]/div[1]]
2024-12-17 16:12:605 INFO  ViewSystemUsersPage :72 - Select status : [[ChromeDriver: chrome on windows (e1d4f5da3e8fac365d7985a760002a69)] -> xpath: //body[1]/div[1]/div[1]/div[2]/div[2]/div[1]/div[1]/div[2]/form[1]/div[1]/div[1]/div[4]/div[1]/div[2]/div[1]/div[1]]
2024-12-17 16:12:672 INFO  ViewSystemUsersPage :76 - Click On Search Button : [[ChromeDriver: chrome on windows (e1d4f5da3e8fac365d7985a760002a69)] -> xpath: //button[normalize-space()='Search']]
2024-12-17 17:12:237 INFO  LoginPage :36 - Enter Username : [[ChromeDriver: chrome on windows (ce83f5b05e98252230e24cb77b4ec6db)] -> xpath: //input[@placeholder='Username']]
2024-12-17 17:12:318 INFO  LoginPage :41 - Enter Password : [[ChromeDriver: chrome on windows (ce83f5b05e98252230e24cb77b4ec6db)] -> xpath: //input[@placeholder='Password']]
2024-12-17 17:12:130 INFO  LoginPage :46 - Click On Login Button : [[ChromeDriver: chrome on windows (ce83f5b05e98252230e24cb77b4ec6db)] -> xpath: //button[normalize-space()='Login']]
2024-12-17 17:12:974 INFO  DashboardPage :57 - Click On Admin Tab : [[ChromeDriver: chrome on windows (ce83f5b05e98252230e24cb77b4ec6db)] -> xpath: //li[1]//a[1]//span[1]]
2024-12-17 17:12:287 INFO  ViewSystemUsersPage :78 - Select user : [[ChromeDriver: chrome on windows (ce83f5b05e98252230e24cb77b4ec6db)] -> xpath: //div[@class='oxd-input-group oxd-input-field-bottom-space']//div//input[@class='oxd-input oxd-input--active']]
2024-12-17 17:12:465 INFO  ViewSystemUsersPage :73 - Select Role : [[ChromeDriver: chrome on windows (ce83f5b05e98252230e24cb77b4ec6db)] -> xpath: //body[1]/div[1]/div[1]/div[2]/div[2]/div[1]/div[1]/div[2]/form[1]/div[1]/div[1]/div[2]/div[1]/div[2]/div[1]/div[1]]
2024-12-17 17:12:548 INFO  ViewSystemUsersPage :121 - Enter EmployeeName : [[ChromeDriver: chrome on windows (ce83f5b05e98252230e24cb77b4ec6db)] -> xpath: //input[@placeholder='Type for hints...']]
2024-12-17 17:12:736 INFO  ViewSystemUsersPage :84 - Select status : [[ChromeDriver: chrome on windows (ce83f5b05e98252230e24cb77b4ec6db)] -> xpath: //body[1]/div[1]/div[1]/div[2]/div[2]/div[1]/div[1]/div[2]/form[1]/div[1]/div[1]/div[4]/div[1]/div[2]/div[1]/div[1]]
2024-12-17 17:12:804 INFO  ViewSystemUsersPage :88 - Click On Search Button : [[ChromeDriver: chrome on windows (ce83f5b05e98252230e24cb77b4ec6db)] -> xpath: //button[normalize-space()='Search']]
2024-12-17 17:12:517 INFO  LoginPage :36 - Enter Username : [[ChromeDriver: chrome on windows (6bc9964b7085f756243028bc0650d5ea)] -> xpath: //input[@placeholder='Username']]
2024-12-17 17:12:599 INFO  LoginPage :41 - Enter Password : [[ChromeDriver: chrome on windows (6bc9964b7085f756243028bc0650d5ea)] -> xpath: //input[@placeholder='Password']]
2024-12-17 17:12:419 INFO  LoginPage :46 - Click On Login Button : [[ChromeDriver: chrome on windows (6bc9964b7085f756243028bc0650d5ea)] -> xpath: //button[normalize-space()='Login']]
2024-12-17 17:12:261 INFO  DashboardPage :57 - Click On Admin Tab : [[ChromeDriver: chrome on windows (6bc9964b7085f756243028bc0650d5ea)] -> xpath: //li[1]//a[1]//span[1]]
2024-12-17 17:12:560 INFO  ViewSystemUsersPage :78 - Select user : [[ChromeDriver: chrome on windows (6bc9964b7085f756243028bc0650d5ea)] -> xpath: //div[@class='oxd-input-group oxd-input-field-bottom-space']//div//input[@class='oxd-input oxd-input--active']]
2024-12-17 17:12:734 INFO  ViewSystemUsersPage :73 - Select Role : [[ChromeDriver: chrome on windows (6bc9964b7085f756243028bc0650d5ea)] -> xpath: //body[1]/div[1]/div[1]/div[2]/div[2]/div[1]/div[1]/div[2]/form[1]/div[1]/div[1]/div[2]/div[1]/div[2]/div[1]/div[1]]
2024-12-17 17:12:820 INFO  ViewSystemUsersPage :121 - Enter EmployeeName : [[ChromeDriver: chrome on windows (6bc9964b7085f756243028bc0650d5ea)] -> xpath: //input[@placeholder='Type for hints...']]
2024-12-17 17:12:10 INFO  ViewSystemUsersPage :84 - Select status : [[ChromeDriver: chrome on windows (6bc9964b7085f756243028bc0650d5ea)] -> xpath: //body[1]/div[1]/div[1]/div[2]/div[2]/div[1]/div[1]/div[2]/form[1]/div[1]/div[1]/div[4]/div[1]/div[2]/div[1]/div[1]]
2024-12-17 17:12:74 INFO  ViewSystemUsersPage :88 - Click On Search Button : [[ChromeDriver: chrome on windows (6bc9964b7085f756243028bc0650d5ea)] -> xpath: //button[normalize-space()='Search']]
2024-12-17 17:12:422 INFO  LoginPage :36 - Enter Username : [[ChromeDriver: chrome on windows (dddceda72eab8df3a8b0cee604d940ec)] -> xpath: //input[@placeholder='Username']]
2024-12-17 17:12:523 INFO  LoginPage :41 - Enter Password : [[ChromeDriver: chrome on windows (dddceda72eab8df3a8b0cee604d940ec)] -> xpath: //input[@placeholder='Password']]
2024-12-17 17:12:344 INFO  LoginPage :46 - Click On Login Button : [[ChromeDriver: chrome on windows (dddceda72eab8df3a8b0cee604d940ec)] -> xpath: //button[normalize-space()='Login']]
2024-12-17 17:12:174 INFO  DashboardPage :57 - Click On Admin Tab : [[ChromeDriver: chrome on windows (dddceda72eab8df3a8b0cee604d940ec)] -> xpath: //li[1]//a[1]//span[1]]
2024-12-17 17:12:466 INFO  ViewSystemUsersPage :78 - Select user : [[ChromeDriver: chrome on windows (dddceda72eab8df3a8b0cee604d940ec)] -> xpath: //div[@class='oxd-input-group oxd-input-field-bottom-space']//div//input[@class='oxd-input oxd-input--active']]
2024-12-17 17:12:636 INFO  ViewSystemUsersPage :73 - Select Role : [[ChromeDriver: chrome on windows (dddceda72eab8df3a8b0cee604d940ec)] -> xpath: //body[1]/div[1]/div[1]/div[2]/div[2]/div[1]/div[1]/div[2]/form[1]/div[1]/div[1]/div[2]/div[1]/div[2]/div[1]/div[1]]
2024-12-17 17:12:711 INFO  ViewSystemUsersPage :121 - Enter EmployeeName : [[ChromeDriver: chrome on windows (dddceda72eab8df3a8b0cee604d940ec)] -> xpath: //input[@placeholder='Type for hints...']]
2024-12-17 17:12:892 INFO  ViewSystemUsersPage :84 - Select status : [[ChromeDriver: chrome on windows (dddceda72eab8df3a8b0cee604d940ec)] -> xpath: //body[1]/div[1]/div[1]/div[2]/div[2]/div[1]/div[1]/div[2]/form[1]/div[1]/div[1]/div[4]/div[1]/div[2]/div[1]/div[1]]
2024-12-17 17:12:961 INFO  ViewSystemUsersPage :88 - Click On Search Button : [[ChromeDriver: chrome on windows (dddceda72eab8df3a8b0cee604d940ec)] -> xpath: //button[normalize-space()='Search']]
2024-12-17 17:12:960 INFO  LoginPage :36 - Enter Username : [[ChromeDriver: chrome on windows (f4a30ef2cc751df409eec9e2c72b725c)] -> xpath: //input[@placeholder='Username']]
2024-12-17 17:12:41 INFO  LoginPage :41 - Enter Password : [[ChromeDriver: chrome on windows (f4a30ef2cc751df409eec9e2c72b725c)] -> xpath: //input[@placeholder='Password']]
2024-12-17 17:12:850 INFO  LoginPage :46 - Click On Login Button : [[ChromeDriver: chrome on windows (f4a30ef2cc751df409eec9e2c72b725c)] -> xpath: //button[normalize-space()='Login']]
2024-12-17 17:12:728 INFO  DashboardPage :57 - Click On Admin Tab : [[ChromeDriver: chrome on windows (f4a30ef2cc751df409eec9e2c72b725c)] -> xpath: //li[1]//a[1]//span[1]]
2024-12-17 17:12:17 INFO  ViewSystemUsersPage :78 - Select user : [[ChromeDriver: chrome on windows (f4a30ef2cc751df409eec9e2c72b725c)] -> xpath: //div[@class='oxd-input-group oxd-input-field-bottom-space']//div//input[@class='oxd-input oxd-input--active']]
2024-12-17 17:12:182 INFO  ViewSystemUsersPage :73 - Select Role : [[ChromeDriver: chrome on windows (f4a30ef2cc751df409eec9e2c72b725c)] -> xpath: //body[1]/div[1]/div[1]/div[2]/div[2]/div[1]/div[1]/div[2]/form[1]/div[1]/div[1]/div[2]/div[1]/div[2]/div[1]/div[1]]
2024-12-17 17:12:262 INFO  ViewSystemUsersPage :121 - Enter EmployeeName : [[ChromeDriver: chrome on windows (f4a30ef2cc751df409eec9e2c72b725c)] -> xpath: //input[@placeholder='Type for hints...']]
2024-12-17 17:12:446 INFO  ViewSystemUsersPage :84 - Select status : [[ChromeDriver: chrome on windows (f4a30ef2cc751df409eec9e2c72b725c)] -> xpath: //body[1]/div[1]/div[1]/div[2]/div[2]/div[1]/div[1]/div[2]/form[1]/div[1]/div[1]/div[4]/div[1]/div[2]/div[1]/div[1]]
2024-12-17 17:12:517 INFO  ViewSystemUsersPage :88 - Click On Search Button : [[ChromeDriver: chrome on windows (f4a30ef2cc751df409eec9e2c72b725c)] -> xpath: //button[normalize-space()='Search']]
2024-12-17 17:12:90 INFO  LoginPage :36 - Enter Username : [[ChromeDriver: chrome on windows (e63c05fb202d63169292d358e9708b5d)] -> xpath: //input[@placeholder='Username']]
2024-12-17 17:12:187 INFO  LoginPage :41 - Enter Password : [[ChromeDriver: chrome on windows (e63c05fb202d63169292d358e9708b5d)] -> xpath: //input[@placeholder='Password']]
2024-12-17 17:12:289 INFO  LoginPage :46 - Click On Login Button : [[ChromeDriver: chrome on windows (e63c05fb202d63169292d358e9708b5d)] -> xpath: //button[normalize-space()='Login']]
2024-12-17 17:12:959 INFO  DashboardPage :57 - Click On Admin Tab : [[ChromeDriver: chrome on windows (e63c05fb202d63169292d358e9708b5d)] -> xpath: //li[1]//a[1]//span[1]]
2024-12-17 17:12:254 INFO  ViewSystemUsersPage :78 - Select user : [[ChromeDriver: chrome on windows (e63c05fb202d63169292d358e9708b5d)] -> xpath: //div[@class='oxd-input-group oxd-input-field-bottom-space']//div//input[@class='oxd-input oxd-input--active']]
2024-12-17 17:12:427 INFO  ViewSystemUsersPage :73 - Select Role : [[ChromeDriver: chrome on windows (e63c05fb202d63169292d358e9708b5d)] -> xpath: //body[1]/div[1]/div[1]/div[2]/div[2]/div[1]/div[1]/div[2]/form[1]/div[1]/div[1]/div[2]/div[1]/div[2]/div[1]/div[1]]
2024-12-17 17:12:516 INFO  ViewSystemUsersPage :121 - Enter EmployeeName : [[ChromeDriver: chrome on windows (e63c05fb202d63169292d358e9708b5d)] -> xpath: //input[@placeholder='Type for hints...']]
2024-12-17 17:12:711 INFO  ViewSystemUsersPage :84 - Select status : [[ChromeDriver: chrome on windows (e63c05fb202d63169292d358e9708b5d)] -> xpath: //body[1]/div[1]/div[1]/div[2]/div[2]/div[1]/div[1]/div[2]/form[1]/div[1]/div[1]/div[4]/div[1]/div[2]/div[1]/div[1]]
2024-12-17 17:12:781 INFO  ViewSystemUsersPage :88 - Click On Search Button : [[ChromeDriver: chrome on windows (e63c05fb202d63169292d358e9708b5d)] -> xpath: //button[normalize-space()='Search']]
2024-12-17 17:12:647 INFO  LoginPage :36 - Enter Username : [[ChromeDriver: chrome on windows (fb0ced91e4d8784c41498e1e1fa0eca4)] -> xpath: //input[@placeholder='Username']]
2024-12-17 17:12:853 INFO  LoginPage :41 - Enter Password : [[ChromeDriver: chrome on windows (fb0ced91e4d8784c41498e1e1fa0eca4)] -> xpath: //input[@placeholder='Password']]
2024-12-17 17:12:637 INFO  LoginPage :46 - Click On Login Button : [[ChromeDriver: chrome on windows (fb0ced91e4d8784c41498e1e1fa0eca4)] -> xpath: //button[normalize-space()='Login']]
2024-12-17 17:12:457 INFO  DashboardPage :57 - Click On Admin Tab : [[ChromeDriver: chrome on windows (fb0ced91e4d8784c41498e1e1fa0eca4)] -> xpath: //li[1]//a[1]//span[1]]
2024-12-17 17:12:791 INFO  ViewSystemUsersPage :78 - Select user : [[ChromeDriver: chrome on windows (fb0ced91e4d8784c41498e1e1fa0eca4)] -> xpath: //div[@class='oxd-input-group oxd-input-field-bottom-space']//div//input[@class='oxd-input oxd-input--active']]
2024-12-17 17:12:975 INFO  ViewSystemUsersPage :73 - Select Role : [[ChromeDriver: chrome on windows (fb0ced91e4d8784c41498e1e1fa0eca4)] -> xpath: //body[1]/div[1]/div[1]/div[2]/div[2]/div[1]/div[1]/div[2]/form[1]/div[1]/div[1]/div[2]/div[1]/div[2]/div[1]/div[1]]
2024-12-17 17:12:67 INFO  ViewSystemUsersPage :121 - Enter EmployeeName : [[ChromeDriver: chrome on windows (fb0ced91e4d8784c41498e1e1fa0eca4)] -> xpath: //input[@placeholder='Type for hints...']]
2024-12-17 17:12:282 INFO  ViewSystemUsersPage :84 - Select status : [[ChromeDriver: chrome on windows (fb0ced91e4d8784c41498e1e1fa0eca4)] -> xpath: //body[1]/div[1]/div[1]/div[2]/div[2]/div[1]/div[1]/div[2]/form[1]/div[1]/div[1]/div[4]/div[1]/div[2]/div[1]/div[1]]
2024-12-17 17:12:365 INFO  ViewSystemUsersPage :88 - Click On Search Button : [[ChromeDriver: chrome on windows (fb0ced91e4d8784c41498e1e1fa0eca4)] -> xpath: //button[normalize-space()='Search']]
2024-12-17 17:12:386 INFO  LoginPage :36 - Enter Username : [[ChromeDriver: chrome on windows (73d62d7cbb9dcddd812ed34e5d82ecca)] -> xpath: //input[@placeholder='Username']]
2024-12-17 17:12:505 INFO  LoginPage :41 - Enter Password : [[ChromeDriver: chrome on windows (73d62d7cbb9dcddd812ed34e5d82ecca)] -> xpath: //input[@placeholder='Password']]
2024-12-17 17:12:604 INFO  LoginPage :46 - Click On Login Button : [[ChromeDriver: chrome on windows (73d62d7cbb9dcddd812ed34e5d82ecca)] -> xpath: //button[normalize-space()='Login']]
2024-12-17 17:12:220 INFO  DashboardPage :57 - Click On Admin Tab : [[ChromeDriver: chrome on windows (73d62d7cbb9dcddd812ed34e5d82ecca)] -> xpath: //li[1]//a[1]//span[1]]
2024-12-17 17:12:565 INFO  ViewSystemUsersPage :78 - Select user : [[ChromeDriver: chrome on windows (73d62d7cbb9dcddd812ed34e5d82ecca)] -> xpath: //div[@class='oxd-input-group oxd-input-field-bottom-space']//div//input[@class='oxd-input oxd-input--active']]
2024-12-17 17:12:738 INFO  ViewSystemUsersPage :73 - Select Role : [[ChromeDriver: chrome on windows (73d62d7cbb9dcddd812ed34e5d82ecca)] -> xpath: //body[1]/div[1]/div[1]/div[2]/div[2]/div[1]/div[1]/div[2]/form[1]/div[1]/div[1]/div[2]/div[1]/div[2]/div[1]/div[1]]
2024-12-17 17:12:820 INFO  ViewSystemUsersPage :121 - Enter EmployeeName : [[ChromeDriver: chrome on windows (73d62d7cbb9dcddd812ed34e5d82ecca)] -> xpath: //input[@placeholder='Type for hints...']]
2024-12-17 17:12:16 INFO  ViewSystemUsersPage :84 - Select status : [[ChromeDriver: chrome on windows (73d62d7cbb9dcddd812ed34e5d82ecca)] -> xpath: //body[1]/div[1]/div[1]/div[2]/div[2]/div[1]/div[1]/div[2]/form[1]/div[1]/div[1]/div[4]/div[1]/div[2]/div[1]/div[1]]
2024-12-17 17:12:100 INFO  ViewSystemUsersPage :88 - Click On Search Button : [[ChromeDriver: chrome on windows (73d62d7cbb9dcddd812ed34e5d82ecca)] -> xpath: //button[normalize-space()='Search']]
2024-12-17 17:12:994 INFO  LoginPage :36 - Enter Username : [[ChromeDriver: chrome on windows (50968bbefefbded8f7c0310d8976c76f)] -> xpath: //input[@placeholder='Username']]
2024-12-17 17:12:147 INFO  LoginPage :41 - Enter Password : [[ChromeDriver: chrome on windows (50968bbefefbded8f7c0310d8976c76f)] -> xpath: //input[@placeholder='Password']]
2024-12-17 17:12:944 INFO  LoginPage :46 - Click On Login Button : [[ChromeDriver: chrome on windows (50968bbefefbded8f7c0310d8976c76f)] -> xpath: //button[normalize-space()='Login']]
2024-12-17 17:12:877 INFO  DashboardPage :57 - Click On Admin Tab : [[ChromeDriver: chrome on windows (50968bbefefbded8f7c0310d8976c76f)] -> xpath: //li[1]//a[1]//span[1]]
2024-12-17 17:12:208 INFO  ViewSystemUsersPage :78 - Select user : [[ChromeDriver: chrome on windows (50968bbefefbded8f7c0310d8976c76f)] -> xpath: //div[@class='oxd-input-group oxd-input-field-bottom-space']//div//input[@class='oxd-input oxd-input--active']]
2024-12-17 17:12:382 INFO  ViewSystemUsersPage :73 - Select Role : [[ChromeDriver: chrome on windows (50968bbefefbded8f7c0310d8976c76f)] -> xpath: //body[1]/div[1]/div[1]/div[2]/div[2]/div[1]/div[1]/div[2]/form[1]/div[1]/div[1]/div[2]/div[1]/div[2]/div[1]/div[1]]
2024-12-17 17:12:465 INFO  ViewSystemUsersPage :121 - Enter EmployeeName : [[ChromeDriver: chrome on windows (50968bbefefbded8f7c0310d8976c76f)] -> xpath: //input[@placeholder='Type for hints...']]
2024-12-17 17:12:668 INFO  ViewSystemUsersPage :84 - Select status : [[ChromeDriver: chrome on windows (50968bbefefbded8f7c0310d8976c76f)] -> xpath: //body[1]/div[1]/div[1]/div[2]/div[2]/div[1]/div[1]/div[2]/form[1]/div[1]/div[1]/div[4]/div[1]/div[2]/div[1]/div[1]]
2024-12-17 17:12:751 INFO  ViewSystemUsersPage :88 - Click On Search Button : [[ChromeDriver: chrome on windows (50968bbefefbded8f7c0310d8976c76f)] -> xpath: //button[normalize-space()='Search']]
